2025-02-17 16:11:06,493| ------Gaussian Process Regression (0/4)------
Kernel: 1.00000**2 *RBF(length=0.10000) 0 energy (0.00500) 0 forces (0.05000)

2025-02-17 16:26:27,628| ------Gaussian Process Regression (0/8)------
Kernel: 1.00000**2 *RBF(length=0.10000) 0 energy (0.00500) 0 forces (0.05000)

2025-02-17 16:49:22,201| ------Gaussian Process Regression (0/4)------
Kernel: None 0 energy (0.00500) 0 forces (0.02500)

2025-02-17 16:49:22,224| load GP model from O-diff-RBF-gpr.json
2025-02-17 16:49:36,154| Loss:    12422.971  5.000  1.052  0.003 
2025-02-17 16:49:41,866| Loss:      -19.336  5.000  0.458  0.025 
2025-02-17 16:49:47,559| Loss:      -19.388  5.000  0.459  0.025 
2025-02-17 16:49:53,245| Loss:      -19.592  5.000  0.460  0.025 
2025-02-17 16:49:58,949| Loss:      -20.397  5.000  0.464  0.025 
2025-02-17 16:50:04,637| Loss:      -23.404  5.000  0.482  0.024 
2025-02-17 16:50:10,332| Loss:      -25.925  5.000  0.627  0.019 
2025-02-17 16:50:16,023| Loss:      -30.639  5.000  0.546  0.022 
2025-02-17 16:50:21,714| Loss:      -31.147  5.000  0.579  0.020 
2025-02-17 16:50:27,396| Loss:      -31.298  5.000  0.567  0.021 
2025-02-17 16:50:33,071| Cholesky Decomp is Complete on rank 0
2025-02-17 17:01:37,439| ------Gaussian Process Regression (0/4)------
Kernel: None 0 energy (0.00500) 0 forces (0.02500)

2025-02-17 17:01:37,478| load GP model from O-diff-RBF-gpr.json
2025-02-17 17:01:49,082| Loss:    12422.971  5.000  1.052  0.003 
2025-02-17 17:01:53,878| Loss:      -19.336  5.000  0.458  0.025 
2025-02-17 17:01:58,673| Loss:      -19.388  5.000  0.459  0.025 
2025-02-17 17:02:03,467| Loss:      -19.592  5.000  0.460  0.025 
2025-02-17 17:02:08,260| Loss:      -20.397  5.000  0.464  0.025 
2025-02-17 17:02:13,054| Loss:      -23.404  5.000  0.482  0.024 
2025-02-17 17:02:17,847| Loss:      -25.925  5.000  0.627  0.019 
2025-02-17 17:02:22,642| Loss:      -30.639  5.000  0.546  0.022 
2025-02-17 17:02:27,435| Loss:      -31.147  5.000  0.579  0.020 
2025-02-17 17:02:32,228| Loss:      -31.298  5.000  0.567  0.021 
2025-02-17 17:02:37,009| Cholesky Decomp is Complete on rank 0
2025-02-17 17:12:07,984| ------Gaussian Process Regression (0/8)------
Kernel: 1.00000**2 *RBF(length=0.10000) 0 energy (0.00500) 0 forces (0.05000)

2025-02-17 17:21:37,743| Loss:      -40.946  1.000  0.100  0.005 
2025-02-17 17:21:37,785| Loss:    64643.691  0.010 10.000  0.003 
2025-02-17 17:21:37,827| Loss:      278.986  0.658  3.520  0.004 
2025-02-17 17:21:37,870| Loss:      -49.644  0.900  1.102  0.005 
2025-02-17 17:21:37,912| Loss:      -63.474  0.917  0.961  0.003 
2025-02-17 17:21:37,954| Loss:      -77.746  0.938  0.776  0.003 
2025-02-17 17:21:37,997| Loss:      -57.543  1.030  0.100  0.003 
2025-02-17 17:21:38,040| Loss:      -93.723  0.981  0.461  0.003 
2025-02-17 17:21:38,083| Loss:      -92.929  1.002  0.305  0.003 
2025-02-17 17:21:38,125| Loss:      -94.596  0.990  0.393  0.003 
2025-02-17 17:21:38,165| Cholesky Decomp is Complete on rank 0
2025-02-17 17:39:27,327| Cholesky Decomp is Complete on rank 0
2025-02-17 17:39:27,633| energy_r2   : 0.9860
2025-02-17 17:39:27,633| energy_mae  : 0.0007
2025-02-17 17:39:27,633| energy_rmse : 0.0007
2025-02-17 17:39:27,633| forces_r2   : 0.9998
2025-02-17 17:39:27,633| forces_mae  : 0.0046
2025-02-17 17:39:27,633| forces_rmse : 0.0068
2025-02-17 17:56:03,061| Cholesky Decomp is Complete on rank 0
2025-02-17 17:56:03,674| energy_r2   : 0.9709
2025-02-17 17:56:03,674| energy_mae  : 0.0009
2025-02-17 17:56:03,674| energy_rmse : 0.0010
2025-02-17 17:56:03,675| forces_r2   : 0.9999
2025-02-17 17:56:03,675| forces_mae  : 0.0029
2025-02-17 17:56:03,675| forces_rmse : 0.0043
2025-02-17 18:11:18,987| Cholesky Decomp is Complete on rank 0
2025-02-17 18:11:20,085| energy_r2   : 0.9710
2025-02-17 18:11:20,085| energy_mae  : 0.0009
2025-02-17 18:11:20,085| energy_rmse : 0.0010
2025-02-17 18:11:20,085| forces_r2   : 0.9996
2025-02-17 18:11:20,085| forces_mae  : 0.0056
2025-02-17 18:11:20,085| forces_rmse : 0.0076
2025-02-17 18:29:30,350| Cholesky Decomp is Complete on rank 0
2025-02-17 18:29:32,173| energy_r2   : 0.9836
2025-02-17 18:29:32,173| energy_mae  : 0.0007
2025-02-17 18:29:32,173| energy_rmse : 0.0008
2025-02-17 18:29:32,173| forces_r2   : 0.9996
2025-02-17 18:29:32,173| forces_mae  : 0.0048
2025-02-17 18:29:32,173| forces_rmse : 0.0064
2025-02-17 18:58:59,774| Cholesky Decomp is Complete on rank 0
2025-02-17 18:59:02,412| energy_r2   : 0.9774
2025-02-17 18:59:02,412| energy_mae  : 0.0008
2025-02-17 18:59:02,412| energy_rmse : 0.0009
2025-02-17 18:59:02,412| forces_r2   : 0.9993
2025-02-17 18:59:02,412| forces_mae  : 0.0058
2025-02-17 18:59:02,412| forces_rmse : 0.0076
2025-02-17 19:27:18,545| Cholesky Decomp is Complete on rank 0
2025-02-17 19:27:22,124| energy_r2   : 0.9983
2025-02-17 19:27:22,124| energy_mae  : 0.0002
2025-02-17 19:27:22,124| energy_rmse : 0.0002
2025-02-17 19:27:22,124| forces_r2   : 0.9993
2025-02-17 19:27:22,124| forces_mae  : 0.0058
2025-02-17 19:27:22,125| forces_rmse : 0.0075
