...............GPRANEB module loaded................
You're welcome to modify the code to suit your needs
..........Good luck with your calculations..........
Calculate E/F for image 0: -115.192982
Calculate E/F for image 1: -115.005244
Calculate E/F for image 2: -114.669097
Calculate E/F for image 3: -114.480381
Calculate E/F for image 4: -114.568959
Calculate E/F for image 5: -114.825334
Calculate E/F for image 6: -114.980079
------Gaussian Process Regression (0/8)------
Kernel: 1.00000**2 *RBF(length=0.10000) 7 energy (0.00500) 14 forces (0.05000)


Update GP model => 21
Loss:      -40.946  1.000  0.100  0.005 
Loss:    64643.691  0.010 10.000  0.003 
Loss:      278.986  0.658  3.520  0.004 
Loss:      -49.644  0.900  1.102  0.005 
Loss:      -63.474  0.917  0.961  0.003 
Loss:      -77.746  0.938  0.776  0.003 
Loss:      -57.543  1.030  0.100  0.003 
Loss:      -93.723  0.981  0.461  0.003 
Loss:      -92.929  1.002  0.305  0.003 
Loss:      -94.596  0.990  0.393  0.003 
------Gaussian Process Regression (0/8)------
Kernel: 0.99015**2 *RBF(length=0.39342) 7 energy (0.00250) 14 forces (0.02500)

From base model in rank-0, E: 0.001/-115.014/-115.005, F: 0.626/1.563/0.874
From base model in rank-0, E: 0.001/-114.658/-114.669, F: 0.662/1.949/1.918
From base model in rank-0, E: 0.001/-114.462/-114.480, F: 0.674/2.472/2.477
From base model in rank-0, E: 0.001/-114.549/-114.569, F: 0.633/1.940/1.941
From base model in rank-0, E: 0.001/-114.817/-114.825, F: 0.591/1.389/0.795
      Step     Time          Energy          fmax
BFGS:    0 17:28:26     -114.480381        2.492079
From base model in rank-0, E: 0.001/-115.055/-115.033, F: 0.650/1.343/0.786
From base model in rank-0, E: 0.001/-114.802/-114.785, F: 0.702/1.471/1.112
From base model in rank-0, E: 0.001/-114.668/-114.651, F: 0.708/1.861/1.379
From base model in rank-0, E: 0.001/-114.690/-114.681, F: 0.659/1.442/1.154
From base model in rank-0, E: 0.001/-114.857/-114.852, F: 0.606/1.198/0.692
BFGS:    1 17:35:18     -114.650745        1.389484
From base model in rank-0, E: 0.002/-115.104/-115.063, F: 0.700/0.966/0.650
From base model in rank-0, E: 0.003/-114.922/-114.853, F: 0.793/0.769/0.518
From base model in rank-0, E: 0.003/-114.825/-114.735, F: 0.801/0.884/0.273

Update GP model => 22
save the GP model to O-diff-RBF-gpr.json and database to O-diff-RBF-gpr.db
------Gaussian Process Regression (0/8)------
Kernel: 1.22220**2 *RBF(length=0.55274) 8 energy (0.00250) 35 forces (0.02500)

From base model in rank-0, E: 0.001/-114.785/-114.750, F: 0.456/0.914/0.308
From base model in rank-0, E: 0.001/-114.907/-114.881, F: 0.458/1.045/0.537
BFGS:    2 17:42:13     -114.734759        0.383026
From base model in rank-0, E: 0.001/-115.098/-115.070, F: 0.489/1.079/0.606
From base model in rank-0, E: 0.001/-114.897/-114.859, F: 0.495/0.833/0.486
From base model in rank-0, E: 0.001/-114.781/-114.740, F: 0.469/0.800/0.229
From base model in rank-0, E: 0.001/-114.793/-114.757, F: 0.463/0.920/0.277
From base model in rank-0, E: 0.001/-114.916/-114.889, F: 0.462/0.976/0.488
BFGS:    3 17:49:06     -114.739991        0.365405
From base model in rank-0, E: 0.001/-115.104/-115.077, F: 0.493/0.990/0.558
From base model in rank-0, E: 0.001/-114.893/-114.865, F: 0.498/0.744/0.462
From base model in rank-0, E: 0.001/-114.774/-114.746, F: 0.474/0.791/0.303
From base model in rank-0, E: 0.001/-114.790/-114.764, F: 0.464/0.910/0.259
From base model in rank-0, E: 0.001/-114.921/-114.897, F: 0.464/0.971/0.432

Update GP model => 21
save the GP model to O-diff-RBF-gpr.json and database to O-diff-RBF-gpr.db
------Gaussian Process Regression (0/8)------
Kernel: 1.65848**2 *RBF(length=0.54230) 8 energy (0.00250) 56 forces (0.02500)

BFGS:    4 17:56:03     -114.745551        0.365543
From base model in rank-0, E: 0.001/-115.086/-115.086, F: 0.458/1.086/0.494
From base model in rank-0, E: 0.001/-114.865/-114.874, F: 0.462/0.886/0.445
From base model in rank-0, E: 0.001/-114.749/-114.756, F: 0.450/0.742/0.300
From base model in rank-0, E: 0.001/-114.778/-114.774, F: 0.427/0.802/0.251
From base model in rank-0, E: 0.001/-114.931/-114.907, F: 0.435/0.998/0.355
BFGS:    5 18:02:57     -114.755836        0.374888
From base model in rank-0, E: 0.001/-115.073/-115.094, F: 0.445/1.074/0.442
From base model in rank-0, E: 0.001/-114.834/-114.885, F: 0.440/0.907/0.445
From base model in rank-0, E: 0.001/-114.713/-114.767, F: 0.430/0.779/0.189
From base model in rank-0, E: 0.001/-114.746/-114.784, F: 0.408/0.778/0.229
From base model in rank-0, E: 0.001/-114.911/-114.913, F: 0.428/0.978/0.289
BFGS:    6 18:09:50     -114.766793        0.252811
From base model in rank-0, E: 0.001/-115.059/-115.100, F: 0.432/1.122/0.428

Update GP model => 21
save the GP model to O-diff-RBF-gpr.json and database to O-diff-RBF-gpr.db
------Gaussian Process Regression (0/8)------
Kernel: 1.66767**2 *RBF(length=0.56208) 8 energy (0.00250) 77 forces (0.02500)

From base model in rank-0, E: 0.001/-114.838/-114.892, F: 0.313/1.128/0.462
From base model in rank-0, E: 0.001/-114.710/-114.772, F: 0.314/0.986/0.133
From base model in rank-0, E: 0.001/-114.734/-114.789, F: 0.297/0.981/0.223
From base model in rank-0, E: 0.001/-114.895/-114.917, F: 0.306/1.071/0.265
BFGS:    7 18:16:52     -114.771687        0.186590
From base model in rank-0, E: 0.001/-115.069/-115.104, F: 0.306/1.255/0.445
From base model in rank-0, E: 0.001/-114.827/-114.894, F: 0.305/1.184/0.479
From base model in rank-0, E: 0.001/-114.698/-114.773, F: 0.306/1.040/0.135
From base model in rank-0, E: 0.001/-114.721/-114.791, F: 0.290/1.037/0.237
From base model in rank-0, E: 0.001/-114.884/-114.920, F: 0.303/1.116/0.278
BFGS:    8 18:23:48     -114.772759        0.124931
From base model in rank-0, E: 0.001/-115.064/-115.106, F: 0.302/1.296/0.465
From base model in rank-0, E: 0.001/-114.824/-114.895, F: 0.303/1.211/0.489
From base model in rank-0, E: 0.001/-114.695/-114.774, F: 0.304/1.057/0.136
From base model in rank-0, E: 0.001/-114.716/-114.792, F: 0.285/1.067/0.246

Update GP model => 21
save the GP model to O-diff-RBF-gpr.json and database to O-diff-RBF-gpr.db
------Gaussian Process Regression (0/8)------
Kernel: 2.16305**2 *RBF(length=0.54245) 8 energy (0.00250) 98 forces (0.02500)

From base model in rank-0, E: 0.001/-114.884/-114.921, F: 0.342/0.808/0.299
BFGS:    9 18:30:55     -114.773951        0.133350
From base model in rank-0, E: 0.001/-115.069/-115.108, F: 0.356/1.082/0.486
From base model in rank-0, E: 0.001/-114.838/-114.897, F: 0.356/0.966/0.494
From base model in rank-0, E: 0.001/-114.716/-114.776, F: 0.350/0.765/0.137
From base model in rank-0, E: 0.001/-114.732/-114.794, F: 0.333/0.784/0.251
From base model in rank-0, E: 0.001/-114.879/-114.923, F: 0.337/0.849/0.324
BFGS:   10 18:37:51     -114.776408        0.169385
From base model in rank-0, E: 0.001/-115.071/-115.111, F: 0.354/1.098/0.487
From base model in rank-0, E: 0.001/-114.842/-114.900, F: 0.360/0.942/0.489
From base model in rank-0, E: 0.001/-114.718/-114.778, F: 0.352/0.724/0.136
From base model in rank-0, E: 0.001/-114.732/-114.796, F: 0.330/0.758/0.247
From base model in rank-0, E: 0.001/-114.877/-114.924, F: 0.335/0.860/0.334
BFGS:   11 18:44:49     -114.778206        0.186627
From base model in rank-0, E: 0.001/-115.079/-115.114, F: 0.357/1.077/0.468
From base model in rank-0, E: 0.001/-114.846/-114.901, F: 0.363/0.911/0.479
From base model in rank-0, E: 0.001/-114.718/-114.778, F: 0.353/0.688/0.135
From base model in rank-0, E: 0.001/-114.733/-114.797, F: 0.330/0.718/0.240
From base model in rank-0, E: 0.001/-114.880/-114.926, F: 0.336/0.833/0.323
BFGS:   12 18:51:45     -114.778343        0.131386
From base model in rank-0, E: 0.001/-115.088/-115.115, F: 0.362/1.046/0.446
From base model in rank-0, E: 0.001/-114.847/-114.902, F: 0.364/0.894/0.472
From base model in rank-0, E: 0.001/-114.716/-114.778, F: 0.353/0.678/0.134
From base model in rank-0, E: 0.001/-114.734/-114.798, F: 0.331/0.693/0.235
From base model in rank-0, E: 0.001/-114.884/-114.927, F: 0.339/0.796/0.307

Update GP model => 21
save the GP model to O-diff-RBF-gpr.json and database to O-diff-RBF-gpr.db
------Gaussian Process Regression (0/8)------
Kernel: 2.14667**2 *RBF(length=0.61441) 8 energy (0.00250) 119 forces (0.02500)

BFGS:   13 18:59:02     -114.778449        0.089964
From base model in rank-0, E: 0.001/-115.091/-115.116, F: 0.311/1.098/0.428
From base model in rank-0, E: 0.001/-114.842/-114.902, F: 0.307/0.964/0.470
From base model in rank-0, E: 0.001/-114.709/-114.779, F: 0.297/0.763/0.134
From base model in rank-0, E: 0.001/-114.730/-114.798, F: 0.279/0.779/0.234
From base model in rank-0, E: 0.001/-114.889/-114.928, F: 0.295/0.889/0.295
BFGS:   14 19:06:01     -114.779018        0.066932
From base model in rank-0, E: 0.001/-115.098/-115.117, F: 0.315/1.084/0.418
From base model in rank-0, E: 0.001/-114.842/-114.903, F: 0.306/0.981/0.473
From base model in rank-0, E: 0.001/-114.707/-114.780, F: 0.295/0.791/0.134
From base model in rank-0, E: 0.001/-114.730/-114.799, F: 0.280/0.786/0.238
From base model in rank-0, E: 0.001/-114.894/-114.928, F: 0.298/0.868/0.291
BFGS:   15 19:12:59     -114.779607        0.080679
From base model in rank-0, E: 0.001/-115.102/-115.117, F: 0.317/1.088/0.418
From base model in rank-0, E: 0.001/-114.843/-114.903, F: 0.305/1.002/0.478
From base model in rank-0, E: 0.001/-114.707/-114.780, F: 0.293/0.816/0.134
From base model in rank-0, E: 0.001/-114.730/-114.799, F: 0.280/0.804/0.243
From base model in rank-0, E: 0.001/-114.896/-114.928, F: 0.301/0.869/0.295
BFGS:   16 19:19:59     -114.779771        0.081046
From base model in rank-0, E: 0.001/-115.102/-115.118, F: 0.317/1.107/0.424
From base model in rank-0, E: 0.001/-114.844/-114.904, F: 0.305/1.018/0.483
From base model in rank-0, E: 0.001/-114.709/-114.780, F: 0.293/0.829/0.135
From base model in rank-0, E: 0.001/-114.731/-114.799, F: 0.281/0.823/0.247
From base model in rank-0, E: 0.001/-114.896/-114.929, F: 0.301/0.886/0.303

Update GP model => 21
save the GP model to O-diff-RBF-gpr.json and database to O-diff-RBF-gpr.db
------Gaussian Process Regression (0/8)------
Kernel: 2.30996**2 *RBF(length=0.59703) 8 energy (0.00250) 140 forces (0.02500)

BFGS:   17 19:27:22     -114.779823        0.073054
From base model in rank-0, E: 0.001/-115.121/-115.119, F: 0.110/0.466/0.432
From base model in rank-0, E: 0.001/-114.889/-114.904, F: 0.140/0.496/0.485
From base model in rank-0, E: 0.001/-114.755/-114.780, F: 0.158/0.187/0.136
From base model in rank-0, E: 0.001/-114.776/-114.799, F: 0.153/0.257/0.247
From base model in rank-0, E: 0.001/-114.919/-114.929, F: 0.115/0.327/0.311
BFGS:   18 19:34:21     -114.780042        0.052783
From base model in rank-0, E: 0.001/-115.121/-115.119, F: 0.109/0.468/0.435
From base model in rank-0, E: 0.001/-114.890/-114.904, F: 0.142/0.494/0.482
From base model in rank-0, E: 0.001/-114.756/-114.780, F: 0.159/0.162/0.137
From base model in rank-0, E: 0.001/-114.777/-114.799, F: 0.154/0.255/0.244
From base model in rank-0, E: 0.001/-114.919/-114.930, F: 0.116/0.331/0.314
BFGS:   19 19:41:21     -114.780237        0.029362
