2025-02-22 13:34:56,798| ------Gaussian Process Regression (0/8)------
Kernel: 1.00000**2 *RBF(length=0.10000) 0 energy (0.00500) 0 forces (0.05000)

2025-02-22 13:38:03,858| Loss:       87.763  1.000  0.100  0.005 
2025-02-22 13:38:04,005| Loss:   154833.444  0.010 10.000  0.003 
2025-02-22 13:38:04,151| Loss:      954.712  0.655  3.545  0.004 
2025-02-22 13:38:04,297| Loss:       42.561  0.903  1.072  0.005 
2025-02-22 13:38:04,443| Loss:       25.712  0.893  1.182  0.025 
2025-02-22 13:38:04,590| Loss:       21.708  0.898  1.132  0.023 
2025-02-22 13:38:04,736| Loss:        2.425  0.918  0.933  0.014 
2025-02-22 13:38:04,882| Loss:      -34.875  0.944  0.668  0.003 
2025-02-22 13:38:05,028| Loss:      -56.975  0.960  0.514  0.003 
2025-02-22 13:38:05,174| Loss:      -60.131  0.969  0.427  0.003 
2025-02-22 13:38:05,320| Loss:      -60.276  0.967  0.444  0.003 
2025-02-22 13:38:05,454| Cholesky Decomp is Complete on rank 0
2025-02-22 13:42:58,708| Cholesky Decomp is Complete on rank 0
2025-02-22 13:42:59,410| energy_r2   : 0.9975
2025-02-22 13:42:59,410| energy_mae  : 0.0008
2025-02-22 13:42:59,410| energy_rmse : 0.0011
2025-02-22 13:42:59,410| forces_r2   : 0.9996
2025-02-22 13:42:59,410| forces_mae  : 0.0071
2025-02-22 13:42:59,410| forces_rmse : 0.0122
2025-02-22 13:45:31,142| Cholesky Decomp is Complete on rank 0
2025-02-22 13:45:32,329| energy_r2   : 0.9973
2025-02-22 13:45:32,329| energy_mae  : 0.0008
2025-02-22 13:45:32,329| energy_rmse : 0.0010
2025-02-22 13:45:32,329| forces_r2   : 0.9995
2025-02-22 13:45:32,329| forces_mae  : 0.0077
2025-02-22 13:45:32,329| forces_rmse : 0.0126
2025-02-22 13:49:08,272| Cholesky Decomp is Complete on rank 0
2025-02-22 13:49:10,231| energy_r2   : 0.9970
2025-02-22 13:49:10,232| energy_mae  : 0.0007
2025-02-22 13:49:10,232| energy_rmse : 0.0011
2025-02-22 13:49:10,232| forces_r2   : 0.9996
2025-02-22 13:49:10,232| forces_mae  : 0.0063
2025-02-22 13:49:10,232| forces_rmse : 0.0106
2025-02-22 13:51:53,608| Cholesky Decomp is Complete on rank 0
2025-02-22 13:51:56,173| energy_r2   : 0.9965
2025-02-22 13:51:56,173| energy_mae  : 0.0007
2025-02-22 13:51:56,173| energy_rmse : 0.0011
2025-02-22 13:51:56,173| forces_r2   : 0.9996
2025-02-22 13:51:56,173| forces_mae  : 0.0072
2025-02-22 13:51:56,173| forces_rmse : 0.0112
2025-02-22 13:55:15,414| Cholesky Decomp is Complete on rank 0
2025-02-22 13:55:18,634| energy_r2   : 0.9951
2025-02-22 13:55:18,634| energy_mae  : 0.0008
2025-02-22 13:55:18,634| energy_rmse : 0.0013
2025-02-22 13:55:18,634| forces_r2   : 0.9993
2025-02-22 13:55:18,634| forces_mae  : 0.0084
2025-02-22 13:55:18,635| forces_rmse : 0.0129
2025-02-22 14:00:28,887| Cholesky Decomp is Complete on rank 0
2025-02-22 14:00:33,405| energy_r2   : 0.9942
2025-02-22 14:00:33,405| energy_mae  : 0.0010
2025-02-22 14:00:33,405| energy_rmse : 0.0014
2025-02-22 14:00:33,405| forces_r2   : 0.9993
2025-02-22 14:00:33,405| forces_mae  : 0.0078
2025-02-22 14:00:33,405| forces_rmse : 0.0124
2025-02-22 14:04:46,267| Cholesky Decomp is Complete on rank 0
2025-02-22 14:04:52,124| energy_r2   : 0.9978
2025-02-22 14:04:52,124| energy_mae  : 0.0007
2025-02-22 14:04:52,124| energy_rmse : 0.0008
2025-02-22 14:04:52,124| forces_r2   : 0.9992
2025-02-22 14:04:52,124| forces_mae  : 0.0085
2025-02-22 14:04:52,124| forces_rmse : 0.0130
2025-02-22 14:09:45,199| Cholesky Decomp is Complete on rank 0
2025-02-22 14:09:52,749| energy_r2   : 0.9951
2025-02-22 14:09:52,749| energy_mae  : 0.0009
2025-02-22 14:09:52,749| energy_rmse : 0.0011
2025-02-22 14:09:52,749| forces_r2   : 0.9987
2025-02-22 14:09:52,749| forces_mae  : 0.0090
2025-02-22 14:09:52,749| forces_rmse : 0.0154
2025-02-22 14:13:57,488| Cholesky Decomp is Complete on rank 0
2025-02-22 14:14:06,857| energy_r2   : 0.9938
2025-02-22 14:14:06,857| energy_mae  : 0.0009
2025-02-22 14:14:06,857| energy_rmse : 0.0012
2025-02-22 14:14:06,857| forces_r2   : 0.9987
2025-02-22 14:14:06,857| forces_mae  : 0.0087
2025-02-22 14:14:06,857| forces_rmse : 0.0151
2025-02-22 14:18:23,896| Cholesky Decomp is Complete on rank 0
2025-02-22 14:18:34,637| energy_r2   : 0.9942
2025-02-22 14:18:34,637| energy_mae  : 0.0008
2025-02-22 14:18:34,637| energy_rmse : 0.0012
2025-02-22 14:18:34,637| forces_r2   : 0.9986
2025-02-22 14:18:34,637| forces_mae  : 0.0089
2025-02-22 14:18:34,637| forces_rmse : 0.0150
2025-02-22 14:23:42,837| Cholesky Decomp is Complete on rank 0
2025-02-22 14:23:56,182| energy_r2   : 0.9927
2025-02-22 14:23:56,182| energy_mae  : 0.0009
2025-02-22 14:23:56,182| energy_rmse : 0.0013
2025-02-22 14:23:56,182| forces_r2   : 0.9988
2025-02-22 14:23:56,182| forces_mae  : 0.0087
2025-02-22 14:23:56,182| forces_rmse : 0.0135
2025-02-22 14:28:46,384| Cholesky Decomp is Complete on rank 0
2025-02-22 14:29:01,655| energy_r2   : 0.9917
2025-02-22 14:29:01,655| energy_mae  : 0.0010
2025-02-22 14:29:01,655| energy_rmse : 0.0014
2025-02-22 14:29:01,655| forces_r2   : 0.9988
2025-02-22 14:29:01,655| forces_mae  : 0.0086
2025-02-22 14:29:01,655| forces_rmse : 0.0132
2025-02-22 14:34:40,133| Cholesky Decomp is Complete on rank 0
2025-02-22 14:34:57,730| energy_r2   : 0.9911
2025-02-22 14:34:57,730| energy_mae  : 0.0011
2025-02-22 14:34:57,730| energy_rmse : 0.0015
2025-02-22 14:34:57,730| forces_r2   : 0.9987
2025-02-22 14:34:57,730| forces_mae  : 0.0086
2025-02-22 14:34:57,730| forces_rmse : 0.0131
2025-02-22 14:40:58,555| Cholesky Decomp is Complete on rank 0
2025-02-22 14:41:19,414| energy_r2   : 0.9925
2025-02-22 14:41:19,414| energy_mae  : 0.0011
2025-02-22 14:41:19,414| energy_rmse : 0.0013
2025-02-22 14:41:19,414| forces_r2   : 0.9987
2025-02-22 14:41:19,414| forces_mae  : 0.0087
2025-02-22 14:41:19,414| forces_rmse : 0.0129
2025-02-22 14:46:55,866| Cholesky Decomp is Complete on rank 0
2025-02-22 14:47:18,968| energy_r2   : 0.9936
2025-02-22 14:47:18,968| energy_mae  : 0.0009
2025-02-22 14:47:18,968| energy_rmse : 0.0012
2025-02-22 14:47:18,968| forces_r2   : 0.9986
2025-02-22 14:47:18,968| forces_mae  : 0.0089
2025-02-22 14:47:18,968| forces_rmse : 0.0133
2025-02-22 14:54:01,000| Cholesky Decomp is Complete on rank 0
2025-02-22 14:54:27,401| energy_r2   : 0.9943
2025-02-22 14:54:27,401| energy_mae  : 0.0009
2025-02-22 14:54:27,401| energy_rmse : 0.0011
2025-02-22 14:54:27,401| forces_r2   : 0.9985
2025-02-22 14:54:27,401| forces_mae  : 0.0088
2025-02-22 14:54:27,401| forces_rmse : 0.0132
2025-02-22 15:00:34,797| Cholesky Decomp is Complete on rank 0
2025-02-22 15:01:02,683| energy_r2   : 0.9951
2025-02-22 15:01:02,683| energy_mae  : 0.0008
2025-02-22 15:01:02,683| energy_rmse : 0.0010
2025-02-22 15:01:02,683| forces_r2   : 0.9986
2025-02-22 15:01:02,683| forces_mae  : 0.0086
2025-02-22 15:01:02,683| forces_rmse : 0.0130
2025-02-22 15:11:16,364| Cholesky Decomp is Complete on rank 0
2025-02-22 15:11:47,317| energy_r2   : 0.9936
2025-02-22 15:11:47,317| energy_mae  : 0.0009
2025-02-22 15:11:47,317| energy_rmse : 0.0012
2025-02-22 15:11:47,317| forces_r2   : 0.9984
2025-02-22 15:11:47,317| forces_mae  : 0.0087
2025-02-22 15:11:47,317| forces_rmse : 0.0132
2025-02-22 15:19:59,148| Cholesky Decomp is Complete on rank 0
2025-02-22 15:20:33,198| energy_r2   : 0.9944
2025-02-22 15:20:33,198| energy_mae  : 0.0009
2025-02-22 15:20:33,198| energy_rmse : 0.0011
2025-02-22 15:20:33,199| forces_r2   : 0.9984
2025-02-22 15:20:33,199| forces_mae  : 0.0087
2025-02-22 15:20:33,199| forces_rmse : 0.0132
2025-02-22 15:30:29,000| Cholesky Decomp is Complete on rank 0
2025-02-22 15:31:08,680| energy_r2   : 0.9959
2025-02-22 15:31:08,680| energy_mae  : 0.0007
2025-02-22 15:31:08,680| energy_rmse : 0.0009
2025-02-22 15:31:08,680| forces_r2   : 0.9983
2025-02-22 15:31:08,680| forces_mae  : 0.0089
2025-02-22 15:31:08,680| forces_rmse : 0.0133
2025-02-22 15:39:27,451| Cholesky Decomp is Complete on rank 0
2025-02-22 15:40:10,306| energy_r2   : 0.9965
2025-02-22 15:40:10,306| energy_mae  : 0.0007
2025-02-22 15:40:10,306| energy_rmse : 0.0008
2025-02-22 15:40:10,306| forces_r2   : 0.9983
2025-02-22 15:40:10,306| forces_mae  : 0.0089
2025-02-22 15:40:10,306| forces_rmse : 0.0132
2025-02-22 15:50:17,879| Cholesky Decomp is Complete on rank 0
2025-02-22 15:51:05,171| energy_r2   : 0.9967
2025-02-22 15:51:05,171| energy_mae  : 0.0006
2025-02-22 15:51:05,171| energy_rmse : 0.0008
2025-02-22 15:51:05,171| forces_r2   : 0.9983
2025-02-22 15:51:05,171| forces_mae  : 0.0087
2025-02-22 15:51:05,171| forces_rmse : 0.0128
2025-02-22 16:03:06,731| Cholesky Decomp is Complete on rank 0
2025-02-22 16:03:59,799| energy_r2   : 0.9980
2025-02-22 16:03:59,799| energy_mae  : 0.0005
2025-02-22 16:03:59,799| energy_rmse : 0.0006
2025-02-22 16:03:59,799| forces_r2   : 0.9983
2025-02-22 16:03:59,799| forces_mae  : 0.0087
2025-02-22 16:03:59,799| forces_rmse : 0.0127
2025-02-22 16:17:38,759| Cholesky Decomp is Complete on rank 0
2025-02-22 16:18:33,406| energy_r2   : 0.9983
2025-02-22 16:18:33,406| energy_mae  : 0.0005
2025-02-22 16:18:33,406| energy_rmse : 0.0006
2025-02-22 16:18:33,406| forces_r2   : 0.9982
2025-02-22 16:18:33,406| forces_mae  : 0.0086
2025-02-22 16:18:33,406| forces_rmse : 0.0126
2025-02-22 16:29:53,843| Cholesky Decomp is Complete on rank 0
2025-02-22 16:30:53,208| energy_r2   : 0.9990
2025-02-22 16:30:53,208| energy_mae  : 0.0003
2025-02-22 16:30:53,208| energy_rmse : 0.0004
2025-02-22 16:30:53,208| forces_r2   : 0.9982
2025-02-22 16:30:53,208| forces_mae  : 0.0085
2025-02-22 16:30:53,208| forces_rmse : 0.0125
2025-02-22 16:42:03,382| Cholesky Decomp is Complete on rank 0
2025-02-22 16:43:08,179| energy_r2   : 0.9991
2025-02-22 16:43:08,179| energy_mae  : 0.0003
2025-02-22 16:43:08,179| energy_rmse : 0.0004
2025-02-22 16:43:08,179| forces_r2   : 0.9982
2025-02-22 16:43:08,179| forces_mae  : 0.0085
2025-02-22 16:43:08,179| forces_rmse : 0.0125
2025-02-22 16:57:25,103| Cholesky Decomp is Complete on rank 0
2025-02-22 16:58:34,542| energy_r2   : 0.9991
2025-02-22 16:58:34,543| energy_mae  : 0.0003
2025-02-22 16:58:34,543| energy_rmse : 0.0004
2025-02-22 16:58:34,543| forces_r2   : 0.9981
2025-02-22 16:58:34,543| forces_mae  : 0.0086
2025-02-22 16:58:34,543| forces_rmse : 0.0126
2025-02-22 17:11:23,183| Cholesky Decomp is Complete on rank 0
2025-02-22 17:12:37,819| energy_r2   : 0.9992
2025-02-22 17:12:37,819| energy_mae  : 0.0003
2025-02-22 17:12:37,819| energy_rmse : 0.0004
2025-02-22 17:12:37,819| forces_r2   : 0.9980
2025-02-22 17:12:37,819| forces_mae  : 0.0086
2025-02-22 17:12:37,819| forces_rmse : 0.0126
2025-02-22 17:29:57,356| Cholesky Decomp is Complete on rank 0
2025-02-22 17:31:17,561| energy_r2   : 0.9993
2025-02-22 17:31:17,562| energy_mae  : 0.0002
2025-02-22 17:31:17,563| energy_rmse : 0.0004
2025-02-22 17:31:17,563| forces_r2   : 0.9980
2025-02-22 17:31:17,563| forces_mae  : 0.0085
2025-02-22 17:31:17,563| forces_rmse : 0.0126
2025-02-22 17:47:20,386| Cholesky Decomp is Complete on rank 0
2025-02-22 17:48:46,768| energy_r2   : 0.9993
2025-02-22 17:48:46,769| energy_mae  : 0.0002
2025-02-22 17:48:46,769| energy_rmse : 0.0004
2025-02-22 17:48:46,769| forces_r2   : 0.9979
2025-02-22 17:48:46,769| forces_mae  : 0.0086
2025-02-22 17:48:46,769| forces_rmse : 0.0126
2025-02-22 18:07:37,229| Cholesky Decomp is Complete on rank 0
2025-02-22 18:09:09,425| energy_r2   : 0.9993
2025-02-22 18:09:09,425| energy_mae  : 0.0002
2025-02-22 18:09:09,425| energy_rmse : 0.0004
2025-02-22 18:09:09,425| forces_r2   : 0.9979
2025-02-22 18:09:09,425| forces_mae  : 0.0085
2025-02-22 18:09:09,425| forces_rmse : 0.0126
2025-02-22 18:26:42,000| Cholesky Decomp is Complete on rank 0
2025-02-22 18:28:22,179| energy_r2   : 0.9993
2025-02-22 18:28:22,179| energy_mae  : 0.0002
2025-02-22 18:28:22,179| energy_rmse : 0.0004
2025-02-22 18:28:22,180| forces_r2   : 0.9978
2025-02-22 18:28:22,180| forces_mae  : 0.0085
2025-02-22 18:28:22,180| forces_rmse : 0.0125
2025-02-22 18:47:29,895| Cholesky Decomp is Complete on rank 0
2025-02-22 18:49:17,245| energy_r2   : 0.9993
2025-02-22 18:49:17,245| energy_mae  : 0.0002
2025-02-22 18:49:17,245| energy_rmse : 0.0004
2025-02-22 18:49:17,245| forces_r2   : 0.9978
2025-02-22 18:49:17,245| forces_mae  : 0.0084
2025-02-22 18:49:17,245| forces_rmse : 0.0125
2025-02-22 19:09:09,471| Cholesky Decomp is Complete on rank 0
2025-02-22 19:11:05,078| energy_r2   : 0.9993
2025-02-22 19:11:05,079| energy_mae  : 0.0002
2025-02-22 19:11:05,079| energy_rmse : 0.0003
2025-02-22 19:11:05,079| forces_r2   : 0.9977
2025-02-22 19:11:05,079| forces_mae  : 0.0084
2025-02-22 19:11:05,079| forces_rmse : 0.0124
2025-02-22 19:34:45,483| Cholesky Decomp is Complete on rank 0
2025-02-22 19:36:43,764| energy_r2   : 0.9992
2025-02-22 19:36:43,764| energy_mae  : 0.0002
2025-02-22 19:36:43,764| energy_rmse : 0.0004
2025-02-22 19:36:43,764| forces_r2   : 0.9977
2025-02-22 19:36:43,764| forces_mae  : 0.0084
2025-02-22 19:36:43,764| forces_rmse : 0.0125
2025-02-22 19:53:27,472| Cholesky Decomp is Complete on rank 0
2025-02-22 19:55:36,700| energy_r2   : 0.9993
2025-02-22 19:55:36,701| energy_mae  : 0.0002
2025-02-22 19:55:36,701| energy_rmse : 0.0003
2025-02-22 19:55:36,701| forces_r2   : 0.9977
2025-02-22 19:55:36,701| forces_mae  : 0.0083
2025-02-22 19:55:36,701| forces_rmse : 0.0123
2025-02-22 20:11:42,294| Cholesky Decomp is Complete on rank 0
2025-02-22 20:13:56,311| energy_r2   : 0.9993
2025-02-22 20:13:56,311| energy_mae  : 0.0002
2025-02-22 20:13:56,311| energy_rmse : 0.0003
2025-02-22 20:13:56,311| forces_r2   : 0.9976
2025-02-22 20:13:56,311| forces_mae  : 0.0083
2025-02-22 20:13:56,311| forces_rmse : 0.0124
2025-02-22 20:34:49,672| Cholesky Decomp is Complete on rank 0
2025-02-22 20:37:09,365| energy_r2   : 0.9993
2025-02-22 20:37:09,365| energy_mae  : 0.0002
2025-02-22 20:37:09,365| energy_rmse : 0.0003
2025-02-22 20:37:09,365| forces_r2   : 0.9976
2025-02-22 20:37:09,365| forces_mae  : 0.0083
2025-02-22 20:37:09,365| forces_rmse : 0.0124
2025-02-22 21:03:07,807| Cholesky Decomp is Complete on rank 0
2025-02-22 21:05:36,200| energy_r2   : 0.9992
2025-02-22 21:05:36,200| energy_mae  : 0.0002
2025-02-22 21:05:36,200| energy_rmse : 0.0004
2025-02-22 21:05:36,200| forces_r2   : 0.9974
2025-02-22 21:05:36,200| forces_mae  : 0.0084
2025-02-22 21:05:36,200| forces_rmse : 0.0126
2025-02-22 21:30:13,757| Cholesky Decomp is Complete on rank 0
2025-02-22 21:32:47,562| energy_r2   : 0.9993
2025-02-22 21:32:47,562| energy_mae  : 0.0002
2025-02-22 21:32:47,562| energy_rmse : 0.0003
2025-02-22 21:32:47,562| forces_r2   : 0.9974
2025-02-22 21:32:47,562| forces_mae  : 0.0085
2025-02-22 21:32:47,562| forces_rmse : 0.0127
2025-02-22 21:54:14,171| Cholesky Decomp is Complete on rank 0
2025-02-22 21:56:51,768| energy_r2   : 0.9993
2025-02-22 21:56:51,769| energy_mae  : 0.0002
2025-02-22 21:56:51,769| energy_rmse : 0.0003
2025-02-22 21:56:51,769| forces_r2   : 0.9973
2025-02-22 21:56:51,769| forces_mae  : 0.0085
2025-02-22 21:56:51,769| forces_rmse : 0.0128
2025-02-22 22:22:14,294| Cholesky Decomp is Complete on rank 0
2025-02-22 22:24:59,425| energy_r2   : 0.9993
2025-02-22 22:24:59,425| energy_mae  : 0.0002
2025-02-22 22:24:59,425| energy_rmse : 0.0003
2025-02-22 22:24:59,425| forces_r2   : 0.9972
2025-02-22 22:24:59,425| forces_mae  : 0.0086
2025-02-22 22:24:59,425| forces_rmse : 0.0129
2025-02-22 22:47:59,984| Cholesky Decomp is Complete on rank 0
2025-02-22 22:50:53,432| energy_r2   : 0.9991
2025-02-22 22:50:53,432| energy_mae  : 0.0002
2025-02-22 22:50:53,432| energy_rmse : 0.0004
2025-02-22 22:50:53,432| forces_r2   : 0.9971
2025-02-22 22:50:53,432| forces_mae  : 0.0088
2025-02-22 22:50:53,432| forces_rmse : 0.0130
2025-02-22 23:12:42,651| Cholesky Decomp is Complete on rank 0
2025-02-22 23:15:42,729| energy_r2   : 0.9990
2025-02-22 23:15:42,730| energy_mae  : 0.0002
2025-02-22 23:15:42,730| energy_rmse : 0.0004
2025-02-22 23:15:42,730| forces_r2   : 0.9971
2025-02-22 23:15:42,730| forces_mae  : 0.0088
2025-02-22 23:15:42,730| forces_rmse : 0.0131
2025-02-22 23:48:42,863| Cholesky Decomp is Complete on rank 0
2025-02-22 23:51:52,021| energy_r2   : 0.9989
2025-02-22 23:51:52,021| energy_mae  : 0.0003
2025-02-22 23:51:52,021| energy_rmse : 0.0004
2025-02-22 23:51:52,021| forces_r2   : 0.9970
2025-02-22 23:51:52,021| forces_mae  : 0.0089
2025-02-22 23:51:52,021| forces_rmse : 0.0131
2025-02-23 00:16:09,359| Cholesky Decomp is Complete on rank 0
2025-02-23 00:19:26,046| energy_r2   : 0.9989
2025-02-23 00:19:26,046| energy_mae  : 0.0003
2025-02-23 00:19:26,046| energy_rmse : 0.0004
2025-02-23 00:19:26,046| forces_r2   : 0.9970
2025-02-23 00:19:26,047| forces_mae  : 0.0089
2025-02-23 00:19:26,047| forces_rmse : 0.0131
2025-02-23 00:45:53,542| Cholesky Decomp is Complete on rank 0
2025-02-23 00:49:17,209| energy_r2   : 0.9988
2025-02-23 00:49:17,209| energy_mae  : 0.0003
2025-02-23 00:49:17,209| energy_rmse : 0.0004
2025-02-23 00:49:17,209| forces_r2   : 0.9969
2025-02-23 00:49:17,209| forces_mae  : 0.0089
2025-02-23 00:49:17,209| forces_rmse : 0.0131
2025-02-23 01:16:41,039| Cholesky Decomp is Complete on rank 0
2025-02-23 01:20:11,184| energy_r2   : 0.9987
2025-02-23 01:20:11,185| energy_mae  : 0.0003
2025-02-23 01:20:11,185| energy_rmse : 0.0004
2025-02-23 01:20:11,185| forces_r2   : 0.9968
2025-02-23 01:20:11,185| forces_mae  : 0.0090
2025-02-23 01:20:11,185| forces_rmse : 0.0133
2025-02-23 01:44:02,485| Cholesky Decomp is Complete on rank 0
2025-02-23 01:47:40,600| energy_r2   : 0.9985
2025-02-23 01:47:40,600| energy_mae  : 0.0003
2025-02-23 01:47:40,600| energy_rmse : 0.0005
2025-02-23 01:47:40,601| forces_r2   : 0.9968
2025-02-23 01:47:40,601| forces_mae  : 0.0091
2025-02-23 01:47:40,601| forces_rmse : 0.0134
2025-02-23 02:10:46,278| Cholesky Decomp is Complete on rank 0
2025-02-23 02:14:38,630| energy_r2   : 0.9986
2025-02-23 02:14:38,630| energy_mae  : 0.0003
2025-02-23 02:14:38,630| energy_rmse : 0.0005
2025-02-23 02:14:38,630| forces_r2   : 0.9968
2025-02-23 02:14:38,630| forces_mae  : 0.0091
2025-02-23 02:14:38,630| forces_rmse : 0.0133
2025-02-23 02:41:17,881| Cholesky Decomp is Complete on rank 0
2025-02-23 02:45:18,287| energy_r2   : 0.9984
2025-02-23 02:45:18,287| energy_mae  : 0.0004
2025-02-23 02:45:18,287| energy_rmse : 0.0005
2025-02-23 02:45:18,287| forces_r2   : 0.9968
2025-02-23 02:45:18,288| forces_mae  : 0.0091
2025-02-23 02:45:18,288| forces_rmse : 0.0135
2025-02-23 03:17:44,879| Cholesky Decomp is Complete on rank 0
2025-02-23 03:21:56,021| energy_r2   : 0.9984
2025-02-23 03:21:56,021| energy_mae  : 0.0004
2025-02-23 03:21:56,021| energy_rmse : 0.0005
2025-02-23 03:21:56,021| forces_r2   : 0.9968
2025-02-23 03:21:56,022| forces_mae  : 0.0092
2025-02-23 03:21:56,022| forces_rmse : 0.0135
2025-02-23 03:50:23,846| Cholesky Decomp is Complete on rank 0
2025-02-23 03:54:43,223| energy_r2   : 0.9983
2025-02-23 03:54:43,224| energy_mae  : 0.0004
2025-02-23 03:54:43,224| energy_rmse : 0.0005
2025-02-23 03:54:43,224| forces_r2   : 0.9968
2025-02-23 03:54:43,224| forces_mae  : 0.0092
2025-02-23 03:54:43,224| forces_rmse : 0.0136
2025-02-23 04:30:57,819| Cholesky Decomp is Complete on rank 0
2025-02-23 04:35:27,774| energy_r2   : 0.9982
2025-02-23 04:35:27,774| energy_mae  : 0.0004
2025-02-23 04:35:27,774| energy_rmse : 0.0005
2025-02-23 04:35:27,774| forces_r2   : 0.9968
2025-02-23 04:35:27,774| forces_mae  : 0.0092
2025-02-23 04:35:27,774| forces_rmse : 0.0135
2025-02-23 05:08:02,259| Cholesky Decomp is Complete on rank 0
2025-02-23 05:12:41,863| energy_r2   : 0.9980
2025-02-23 05:12:41,863| energy_mae  : 0.0004
2025-02-23 05:12:41,863| energy_rmse : 0.0005
2025-02-23 05:12:41,864| forces_r2   : 0.9967
2025-02-23 05:12:41,864| forces_mae  : 0.0092
2025-02-23 05:12:41,864| forces_rmse : 0.0135
2025-02-23 05:44:55,822| Cholesky Decomp is Complete on rank 0
2025-02-23 05:49:43,756| energy_r2   : 0.9978
2025-02-23 05:49:43,756| energy_mae  : 0.0004
2025-02-23 05:49:43,757| energy_rmse : 0.0005
2025-02-23 05:49:43,757| forces_r2   : 0.9967
2025-02-23 05:49:43,757| forces_mae  : 0.0092
2025-02-23 05:49:43,757| forces_rmse : 0.0135
2025-02-23 06:23:45,865| Cholesky Decomp is Complete on rank 0
2025-02-23 06:28:43,126| energy_r2   : 0.9976
2025-02-23 06:28:43,126| energy_mae  : 0.0004
2025-02-23 06:28:43,126| energy_rmse : 0.0006
2025-02-23 06:28:43,126| forces_r2   : 0.9968
2025-02-23 06:28:43,126| forces_mae  : 0.0093
2025-02-23 06:28:43,127| forces_rmse : 0.0136
2025-02-23 07:00:26,072| Cholesky Decomp is Complete on rank 0
2025-02-23 07:05:29,437| energy_r2   : 0.9974
2025-02-23 07:05:29,437| energy_mae  : 0.0004
2025-02-23 07:05:29,437| energy_rmse : 0.0006
2025-02-23 07:05:29,437| forces_r2   : 0.9967
2025-02-23 07:05:29,437| forces_mae  : 0.0094
2025-02-23 07:05:29,437| forces_rmse : 0.0137
2025-02-23 07:37:04,169| Cholesky Decomp is Complete on rank 0
2025-02-23 07:42:15,596| energy_r2   : 0.9973
2025-02-23 07:42:15,597| energy_mae  : 0.0004
2025-02-23 07:42:15,597| energy_rmse : 0.0006
2025-02-23 07:42:15,597| forces_r2   : 0.9967
2025-02-23 07:42:15,597| forces_mae  : 0.0094
2025-02-23 07:42:15,597| forces_rmse : 0.0137
2025-02-23 08:15:35,269| Cholesky Decomp is Complete on rank 0
2025-02-23 08:20:55,512| energy_r2   : 0.9972
2025-02-23 08:20:55,513| energy_mae  : 0.0004
2025-02-23 08:20:55,513| energy_rmse : 0.0006
2025-02-23 08:20:55,513| forces_r2   : 0.9967
2025-02-23 08:20:55,513| forces_mae  : 0.0094
2025-02-23 08:20:55,513| forces_rmse : 0.0138
2025-02-23 08:55:59,537| Cholesky Decomp is Complete on rank 0
2025-02-23 09:01:26,794| energy_r2   : 0.9970
2025-02-23 09:01:26,794| energy_mae  : 0.0004
2025-02-23 09:01:26,794| energy_rmse : 0.0006
2025-02-23 09:01:26,794| forces_r2   : 0.9967
2025-02-23 09:01:26,795| forces_mae  : 0.0094
2025-02-23 09:01:26,795| forces_rmse : 0.0137
2025-02-23 09:40:27,633| Cholesky Decomp is Complete on rank 0
2025-02-23 09:46:04,560| energy_r2   : 0.9969
2025-02-23 09:46:04,560| energy_mae  : 0.0005
2025-02-23 09:46:04,560| energy_rmse : 0.0006
2025-02-23 09:46:04,560| forces_r2   : 0.9966
2025-02-23 09:46:04,560| forces_mae  : 0.0094
2025-02-23 09:46:04,560| forces_rmse : 0.0138
2025-02-23 10:21:05,573| Cholesky Decomp is Complete on rank 0
2025-02-23 10:26:53,556| energy_r2   : 0.9970
2025-02-23 10:26:53,557| energy_mae  : 0.0004
2025-02-23 10:26:53,557| energy_rmse : 0.0006
2025-02-23 10:26:53,557| forces_r2   : 0.9966
2025-02-23 10:26:53,557| forces_mae  : 0.0095
2025-02-23 10:26:53,557| forces_rmse : 0.0138
2025-02-23 11:06:41,745| Cholesky Decomp is Complete on rank 0
2025-02-23 11:12:43,005| energy_r2   : 0.9969
2025-02-23 11:12:43,005| energy_mae  : 0.0005
2025-02-23 11:12:43,005| energy_rmse : 0.0006
2025-02-23 11:12:43,006| forces_r2   : 0.9966
2025-02-23 11:12:43,006| forces_mae  : 0.0095
2025-02-23 11:12:43,006| forces_rmse : 0.0139
2025-02-23 11:46:14,643| Cholesky Decomp is Complete on rank 0
2025-02-23 11:52:28,793| energy_r2   : 0.9966
2025-02-23 11:52:28,793| energy_mae  : 0.0005
2025-02-23 11:52:28,793| energy_rmse : 0.0006
2025-02-23 11:52:28,793| forces_r2   : 0.9965
2025-02-23 11:52:28,793| forces_mae  : 0.0096
2025-02-23 11:52:28,793| forces_rmse : 0.0140
2025-02-23 12:34:34,020| Cholesky Decomp is Complete on rank 0
2025-02-23 12:41:00,505| energy_r2   : 0.9967
2025-02-23 12:41:00,506| energy_mae  : 0.0005
2025-02-23 12:41:00,506| energy_rmse : 0.0006
2025-02-23 12:41:00,506| forces_r2   : 0.9965
2025-02-23 12:41:00,506| forces_mae  : 0.0096
2025-02-23 12:41:00,506| forces_rmse : 0.0140
2025-02-23 13:27:31,435| Cholesky Decomp is Complete on rank 0
2025-02-23 13:34:16,561| energy_r2   : 0.9967
2025-02-23 13:34:16,561| energy_mae  : 0.0005
2025-02-23 13:34:16,561| energy_rmse : 0.0006
2025-02-23 13:34:16,561| forces_r2   : 0.9964
2025-02-23 13:34:16,561| forces_mae  : 0.0096
2025-02-23 13:34:16,561| forces_rmse : 0.0140
2025-02-23 14:17:18,636| Cholesky Decomp is Complete on rank 0
2025-02-23 14:24:16,872| energy_r2   : 0.9966
2025-02-23 14:24:16,873| energy_mae  : 0.0005
2025-02-23 14:24:16,873| energy_rmse : 0.0006
2025-02-23 14:24:16,873| forces_r2   : 0.9964
2025-02-23 14:24:16,873| forces_mae  : 0.0097
2025-02-23 14:24:16,873| forces_rmse : 0.0141
2025-02-23 15:10:01,258| Cholesky Decomp is Complete on rank 0
2025-02-23 15:17:08,658| energy_r2   : 0.9964
2025-02-23 15:17:08,659| energy_mae  : 0.0005
2025-02-23 15:17:08,659| energy_rmse : 0.0007
2025-02-23 15:17:08,659| forces_r2   : 0.9963
2025-02-23 15:17:08,659| forces_mae  : 0.0097
2025-02-23 15:17:08,659| forces_rmse : 0.0141
2025-02-23 16:10:42,855| Cholesky Decomp is Complete on rank 0
2025-02-23 16:18:05,968| energy_r2   : 0.9961
2025-02-23 16:18:05,969| energy_mae  : 0.0005
2025-02-23 16:18:05,969| energy_rmse : 0.0007
2025-02-23 16:18:05,969| forces_r2   : 0.9963
2025-02-23 16:18:05,969| forces_mae  : 0.0098
2025-02-23 16:18:05,969| forces_rmse : 0.0141
2025-02-23 17:05:20,142| Cholesky Decomp is Complete on rank 0
2025-02-23 17:12:57,778| energy_r2   : 0.9963
2025-02-23 17:12:57,778| energy_mae  : 0.0005
2025-02-23 17:12:57,778| energy_rmse : 0.0007
2025-02-23 17:12:57,778| forces_r2   : 0.9963
2025-02-23 17:12:57,778| forces_mae  : 0.0098
2025-02-23 17:12:57,778| forces_rmse : 0.0141
2025-02-23 18:07:28,386| Cholesky Decomp is Complete on rank 0
2025-02-23 18:15:16,773| energy_r2   : 0.9964
2025-02-23 18:15:16,774| energy_mae  : 0.0005
2025-02-23 18:15:16,774| energy_rmse : 0.0007
2025-02-23 18:15:16,774| forces_r2   : 0.9963
2025-02-23 18:15:16,774| forces_mae  : 0.0097
2025-02-23 18:15:16,774| forces_rmse : 0.0140
2025-02-23 19:04:21,157| Cholesky Decomp is Complete on rank 0
2025-02-23 19:12:19,241| energy_r2   : 0.9966
2025-02-23 19:12:19,241| energy_mae  : 0.0005
2025-02-23 19:12:19,241| energy_rmse : 0.0006
2025-02-23 19:12:19,241| forces_r2   : 0.9963
2025-02-23 19:12:19,242| forces_mae  : 0.0097
2025-02-23 19:12:19,242| forces_rmse : 0.0139
2025-02-23 20:01:26,021| Cholesky Decomp is Complete on rank 0
2025-02-23 20:09:37,246| energy_r2   : 0.9966
2025-02-23 20:09:37,246| energy_mae  : 0.0005
2025-02-23 20:09:37,246| energy_rmse : 0.0006
2025-02-23 20:09:37,246| forces_r2   : 0.9963
2025-02-23 20:09:37,246| forces_mae  : 0.0097
2025-02-23 20:09:37,246| forces_rmse : 0.0140
2025-02-23 20:58:57,852| Cholesky Decomp is Complete on rank 0
2025-02-23 21:07:16,669| energy_r2   : 0.9967
2025-02-23 21:07:16,670| energy_mae  : 0.0005
2025-02-23 21:07:16,670| energy_rmse : 0.0006
2025-02-23 21:07:16,670| forces_r2   : 0.9963
2025-02-23 21:07:16,670| forces_mae  : 0.0097
2025-02-23 21:07:16,670| forces_rmse : 0.0140
2025-02-23 21:57:07,920| Cholesky Decomp is Complete on rank 0
2025-02-23 22:05:39,054| energy_r2   : 0.9967
2025-02-23 22:05:39,055| energy_mae  : 0.0005
2025-02-23 22:05:39,055| energy_rmse : 0.0006
2025-02-23 22:05:39,055| forces_r2   : 0.9962
2025-02-23 22:05:39,055| forces_mae  : 0.0097
2025-02-23 22:05:39,055| forces_rmse : 0.0140
2025-02-23 22:57:26,921| Cholesky Decomp is Complete on rank 0
2025-02-23 23:06:07,113| energy_r2   : 0.9967
2025-02-23 23:06:07,113| energy_mae  : 0.0005
2025-02-23 23:06:07,113| energy_rmse : 0.0006
2025-02-23 23:06:07,113| forces_r2   : 0.9962
2025-02-23 23:06:07,113| forces_mae  : 0.0097
2025-02-23 23:06:07,113| forces_rmse : 0.0141
2025-02-24 00:00:26,670| Cholesky Decomp is Complete on rank 0
2025-02-24 00:09:18,118| energy_r2   : 0.9967
2025-02-24 00:09:18,119| energy_mae  : 0.0005
2025-02-24 00:09:18,119| energy_rmse : 0.0006
2025-02-24 00:09:18,119| forces_r2   : 0.9962
2025-02-24 00:09:18,119| forces_mae  : 0.0097
2025-02-24 00:09:18,119| forces_rmse : 0.0140
2025-02-24 01:01:03,954| Cholesky Decomp is Complete on rank 0
2025-02-24 01:10:06,967| energy_r2   : 0.9966
2025-02-24 01:10:06,967| energy_mae  : 0.0005
2025-02-24 01:10:06,967| energy_rmse : 0.0006
2025-02-24 01:10:06,967| forces_r2   : 0.9962
2025-02-24 01:10:06,967| forces_mae  : 0.0097
2025-02-24 01:10:06,967| forces_rmse : 0.0140
2025-02-24 02:06:00,426| Cholesky Decomp is Complete on rank 0
2025-02-24 02:15:20,300| energy_r2   : 0.9967
2025-02-24 02:15:20,300| energy_mae  : 0.0005
2025-02-24 02:15:20,300| energy_rmse : 0.0006
2025-02-24 02:15:20,300| forces_r2   : 0.9962
2025-02-24 02:15:20,300| forces_mae  : 0.0097
2025-02-24 02:15:20,300| forces_rmse : 0.0141
2025-02-24 03:11:18,859| Cholesky Decomp is Complete on rank 0
2025-02-24 03:20:48,274| energy_r2   : 0.9966
2025-02-24 03:20:48,274| energy_mae  : 0.0005
2025-02-24 03:20:48,274| energy_rmse : 0.0006
2025-02-24 03:20:48,275| forces_r2   : 0.9961
2025-02-24 03:20:48,275| forces_mae  : 0.0097
2025-02-24 03:20:48,275| forces_rmse : 0.0141
2025-02-24 04:16:22,904| Cholesky Decomp is Complete on rank 0
2025-02-24 04:26:04,881| energy_r2   : 0.9965
2025-02-24 04:26:04,881| energy_mae  : 0.0005
2025-02-24 04:26:04,881| energy_rmse : 0.0006
2025-02-24 04:26:04,881| forces_r2   : 0.9962
2025-02-24 04:26:04,881| forces_mae  : 0.0097
2025-02-24 04:26:04,882| forces_rmse : 0.0141
2025-02-24 05:23:22,176| Cholesky Decomp is Complete on rank 0
2025-02-24 05:33:22,620| energy_r2   : 0.9966
2025-02-24 05:33:22,621| energy_mae  : 0.0005
2025-02-24 05:33:22,621| energy_rmse : 0.0006
2025-02-24 05:33:22,621| forces_r2   : 0.9961
2025-02-24 05:33:22,621| forces_mae  : 0.0098
2025-02-24 05:33:22,621| forces_rmse : 0.0142
2025-02-24 06:31:06,426| Cholesky Decomp is Complete on rank 0
2025-02-24 06:41:18,849| energy_r2   : 0.9964
2025-02-24 06:41:18,849| energy_mae  : 0.0005
2025-02-24 06:41:18,849| energy_rmse : 0.0007
2025-02-24 06:41:18,849| forces_r2   : 0.9962
2025-02-24 06:41:18,849| forces_mae  : 0.0098
2025-02-24 06:41:18,849| forces_rmse : 0.0142
2025-02-24 07:40:26,728| Cholesky Decomp is Complete on rank 0
2025-02-24 07:50:50,979| energy_r2   : 0.9964
2025-02-24 07:50:50,979| energy_mae  : 0.0005
2025-02-24 07:50:50,979| energy_rmse : 0.0007
2025-02-24 07:50:50,979| forces_r2   : 0.9961
2025-02-24 07:50:50,979| forces_mae  : 0.0098
2025-02-24 07:50:50,979| forces_rmse : 0.0143
2025-02-24 08:55:06,196| Cholesky Decomp is Complete on rank 0
2025-02-24 09:05:47,827| energy_r2   : 0.9962
2025-02-24 09:05:47,827| energy_mae  : 0.0005
2025-02-24 09:05:47,827| energy_rmse : 0.0007
2025-02-24 09:05:47,827| forces_r2   : 0.9961
2025-02-24 09:05:47,827| forces_mae  : 0.0099
2025-02-24 09:05:47,827| forces_rmse : 0.0143
2025-02-24 10:10:34,599| Cholesky Decomp is Complete on rank 0
2025-02-24 10:21:31,348| energy_r2   : 0.9964
2025-02-24 10:21:31,349| energy_mae  : 0.0005
2025-02-24 10:21:31,349| energy_rmse : 0.0007
2025-02-24 10:21:31,349| forces_r2   : 0.9962
2025-02-24 10:21:31,349| forces_mae  : 0.0099
2025-02-24 10:21:31,349| forces_rmse : 0.0143
2025-02-24 11:24:21,017| Cholesky Decomp is Complete on rank 0
2025-02-24 11:35:35,227| energy_r2   : 0.9968
2025-02-24 11:35:35,228| energy_mae  : 0.0004
2025-02-24 11:35:35,228| energy_rmse : 0.0006
2025-02-24 11:35:35,228| forces_r2   : 0.9962
2025-02-24 11:35:35,228| forces_mae  : 0.0100
2025-02-24 11:35:35,228| forces_rmse : 0.0144
2025-02-24 12:43:49,795| Cholesky Decomp is Complete on rank 0
2025-02-24 12:55:24,808| energy_r2   : 0.9968
2025-02-24 12:55:24,809| energy_mae  : 0.0004
2025-02-24 12:55:24,809| energy_rmse : 0.0006
2025-02-24 12:55:24,809| forces_r2   : 0.9961
2025-02-24 12:55:24,809| forces_mae  : 0.0100
2025-02-24 12:55:24,809| forces_rmse : 0.0145
