Loading vasp/6.4.3
  Loading requirement: openmpi/5.0.2 intel/tbb/2021.11
    intel/compiler-rt/2024.0.2 intel/mkl/2024.0
Running on node: str-c218.charlotte.edu
Submit Dir : /users/ionyango/GPR_calculator/H2S_gp
Job ID/Name : 4161300 / h2s-gp-rbf
Start Time : Sat Feb 22 01:34:46 PM EST 2025
[LOG_CAT_MCAST] No MCAST components selected

[LOG_CAT_ML] Failure in hcoll_mcast_base_select
[LOG_CAT_MCAST] No MCAST components selected

[LOG_CAT_ML] Failure in hcoll_mcast_base_select
[LOG_CAT_MCAST] No MCAST components selected

[LOG_CAT_ML] Failure in hcoll_mcast_base_select
[LOG_CAT_MCAST] No MCAST components selected

[LOG_CAT_ML] Failure in hcoll_mcast_base_select
[LOG_CAT_MCAST] No MCAST components selected

[LOG_CAT_ML] Failure in hcoll_mcast_base_select
[LOG_CAT_MCAST] No MCAST components selected

[LOG_CAT_ML] Failure in hcoll_mcast_base_select
[LOG_CAT_MCAST] No MCAST components selected

[LOG_CAT_ML] Failure in hcoll_mcast_base_select
[LOG_CAT_MCAST] No MCAST components selected

[LOG_CAT_ML] Failure in hcoll_mcast_base_select
[LOG_CAT_ML] component basesmuma is not available but requested in hierarchy: basesmuma,basesmuma,ucx_p2p:basesmsocket,basesmuma,p2p
[LOG_CAT_ML] ml_discover_hierarchy exited with error
[LOG_CAT_ML] component basesmuma is not available but requested in hierarchy: basesmuma,basesmuma,ucx_p2p:basesmsocket,basesmuma,p2p
[LOG_CAT_ML] ml_discover_hierarchy exited with error
[LOG_CAT_ML] component basesmuma is not available but requested in hierarchy: basesmuma,basesmuma,ucx_p2p:basesmsocket,basesmuma,p2p
[LOG_CAT_ML] ml_discover_hierarchy exited with error
[LOG_CAT_ML] component basesmuma is not available but requested in hierarchy: basesmuma,basesmuma,ucx_p2p:basesmsocket,basesmuma,p2p
[LOG_CAT_ML] ml_discover_hierarchy exited with error
[LOG_CAT_ML] component basesmuma is not available but requested in hierarchy: basesmuma,basesmuma,ucx_p2p:basesmsocket,basesmuma,p2p
[LOG_CAT_ML] ml_discover_hierarchy exited with error
[LOG_CAT_ML] component basesmuma is not available but requested in hierarchy: basesmuma,basesmuma,ucx_p2p:basesmsocket,basesmuma,p2p
[LOG_CAT_ML] ml_discover_hierarchy exited with error
[LOG_CAT_ML] component basesmuma is not available but requested in hierarchy: basesmuma,basesmuma,ucx_p2p:basesmsocket,basesmuma,p2p
[LOG_CAT_ML] ml_discover_hierarchy exited with error
[LOG_CAT_ML] component basesmuma is not available but requested in hierarchy: basesmuma,basesmuma,ucx_p2p:basesmsocket,basesmuma,p2p
[LOG_CAT_ML] ml_discover_hierarchy exited with error
slurmstepd: error: *** JOB 4161300 ON str-c218 CANCELLED AT 2025-02-24T13:35:14 DUE TO TIME LIMIT ***
